<?xml version="1.0" encoding="UTF-8"?>
<!-- Generated by org.testng.reporters.JUnitXMLReporter -->
<testsuite hostname="DESKTOP-6H1AKP0" name="Grouping Scenarios" tests="6" failures="0" timestamp="2 Jul 2020 18:33:39 GMT" time="0.063" errors="0">
  <testcase name="add" time="0.015" classname="com.calculator.groups.TestNG_groups"/>
  <testcase name="divInt" time="0.0" classname="com.calculator.groups.TestNG_groups"/>
  <testcase name="divReal" time="0.0" classname="com.calculator.groups.TestNG_groups"/>
  <testcase name="exp" time="0.0" classname="com.calculator.groups.TestNG_groups"/>
  <testcase name="negate" time="0.0" classname="com.calculator.groups.TestNG_groups"/>
  <testcase name="sub" time="0.0" classname="com.calculator.groups.TestNG_groups"/>
</testsuite> <!-- Grouping Scenarios -->
