<?xml version="1.0" encoding="UTF-8"?>
<!-- Generated by org.testng.reporters.JUnitXMLReporter -->
<testsuite hostname="DESKTOP-6H1AKP0" name="Parallel Classes Scenarios" tests="12" failures="0" timestamp="2 Jul 2020 18:59:57 GMT" time="0.094" errors="0">
  <testcase name="add" time="0.015" classname="com.calculator.groups.TestNG_groups"/>
  <testcase name="testMethod_Operator2" time="0.015" classname="com.calculator.dataprovider.TestNG_TestAnnotation"/>
  <testcase name="testMethod_Operator1" time="0.015" classname="com.calculator.TestNG_CalculatorMethod"/>
  <testcase name="divInt" time="0.0" classname="com.calculator.groups.TestNG_groups"/>
  <testcase name="divReal" time="0.0" classname="com.calculator.groups.TestNG_groups"/>
  <testcase name="testMethod_Operator2" time="0.016" classname="com.calculator.dataprovider.TestNG_TestAnnotation"/>
  <testcase name="exp" time="0.0" classname="com.calculator.groups.TestNG_groups"/>
  <testcase name="inverse" time="0.0" classname="com.calculator.groups.TestNG_groups"/>
  <testcase name="mod" time="0.0" classname="com.calculator.groups.TestNG_groups"/>
  <testcase name="mul" time="0.0" classname="com.calculator.groups.TestNG_groups"/>
  <testcase name="negate" time="0.015" classname="com.calculator.groups.TestNG_groups"/>
  <testcase name="sub" time="0.0" classname="com.calculator.groups.TestNG_groups"/>
</testsuite> <!-- Parallel Classes Scenarios -->
